<?xml version="1.0" encoding="UTF-8"?>
<!-- Generated by org.testng.reporters.JUnitXMLReporter -->
<testsuite ignored="0" hostname="LAPTOP-525OECMM" failures="1" tests="1" name="firefoxTest" time="0.085" errors="0" timestamp="2023-07-15T16:24:29 IST">
  <testcase classname="Framework_Assignment.ActiTIME_LoginLogout_CrossBrowseTesting" name="loginlogout" time="0.042">
    <failure type="java.lang.NullPointerException" message="Cannot invoke &amp;quot;org.openqa.selenium.JavascriptExecutor.executeScript(String, Object[])&amp;quot; because &amp;quot;js&amp;quot; is null">
      <![CDATA[java.lang.NullPointerException: Cannot invoke "org.openqa.selenium.JavascriptExecutor.executeScript(String, Object[])" because "js" is null
at Framework_Design_Generic.HighlightingElement_Hepler.helper(HighlightingElement_Hepler.java:12)
at Framework_Design_Generic.POM_for_FrameworkImplementation.loginMethod(POM_for_FrameworkImplementation.java:71)
at Framework_Assignment.ActiTIME_LoginLogout_CrossBrowseTesting.loginlogout(ActiTIME_LoginLogout_CrossBrowseTesting.java:16)
at java.base/java.util.ArrayList.forEach(ArrayList.java:1511)
at java.base/java.util.concurrent.FutureTask.run(FutureTask.java:264)
at java.base/java.util.concurrent.ThreadPoolExecutor.runWorker(ThreadPoolExecutor.java:1136)
at java.base/java.util.concurrent.ThreadPoolExecutor$Worker.run(ThreadPoolExecutor.java:635)
at java.base/java.lang.Thread.run(Thread.java:833)
... Removed 18 stack frames]]>
    </failure>
  </testcase> <!-- loginlogout -->
</testsuite> <!-- firefoxTest -->
