<?xml version="1.0" encoding="UTF-8"?>
<!-- Generated by org.testng.reporters.JUnitXMLReporter -->
<testsuite ignored="0" hostname="LAPTOP-525OECMM" failures="1" tests="1" name="Test" time="113.179" errors="0" timestamp="2023-07-09T02:02:01 IST">
  <testcase classname="POM.ActiTIME.Execution.FrameworkExecution" name="loginlogout" time="3.479">
    <failure type="java.io.FileNotFoundException" message=".\Excel File\excel data.xlsx (The system cannot find the path specified)">
      <![CDATA[java.io.FileNotFoundException: .\Excel File\excel data.xlsx (The system cannot find the path specified)
at java.base/java.io.FileInputStream.open0(Native Method)
at java.base/java.io.FileInputStream.open(FileInputStream.java:216)
at java.base/java.io.FileInputStream.<init>(FileInputStream.java:157)
at java.base/java.io.FileInputStream.<init>(FileInputStream.java:111)
at POM.ActiTIME.Generic.ExcelLibrary.getCellValue(ExcelLibrary.java:12)
at POM.ActiTIME.ElementStored.POM_for_FrameworkImplementation.loginMethod(POM_for_FrameworkImplementation.java:37)
at POM.ActiTIME.Execution.FrameworkExecution.loginlogout(FrameworkExecution.java:16)
at java.base/java.util.ArrayList.forEach(ArrayList.java:1511)
... Removed 27 stack frames]]>
    </failure>
  </testcase> <!-- loginlogout -->
</testsuite> <!-- Test -->
