<?xml version="1.0" encoding="UTF-8"?>
<testng-results ignored="0" total="1" passed="1" failed="0" skipped="0">
  <reporter-output>
  </reporter-output>
  <suite started-at="2023-07-10T17:04:30 IST" name="Suite" finished-at="2023-07-10T17:04:50 IST" duration-ms="20332">
    <groups>
    </groups>
    <test started-at="2023-07-10T17:04:30 IST" name="Test" finished-at="2023-07-10T17:04:50 IST" duration-ms="20332">
      <class name="POM.ActiTIME.Execution.FrameworkExecution">
        <test-method is-config="true" signature="ExecutionStart()[pri:0, instance:POM.ActiTIME.Execution.FrameworkExecution@294425a7]" started-at="2023-07-10T17:04:30 IST" name="ExecutionStart" finished-at="2023-07-10T17:04:30 IST" duration-ms="9" status="PASS">
          <reporter-output>
          </reporter-output>
        </test-method> <!-- ExecutionStart -->
        <test-method is-config="true" signature="setup()[pri:0, instance:POM.ActiTIME.Execution.FrameworkExecution@294425a7]" started-at="2023-07-10T17:04:30 IST" name="setup" finished-at="2023-07-10T17:04:38 IST" duration-ms="8435" status="PASS">
          <reporter-output>
          </reporter-output>
        </test-method> <!-- setup -->
        <test-method signature="loginlogout()[pri:0, instance:POM.ActiTIME.Execution.FrameworkExecution@294425a7]" started-at="2023-07-10T17:04:38 IST" name="loginlogout" finished-at="2023-07-10T17:04:50 IST" duration-ms="11867" status="PASS">
          <reporter-output>
          </reporter-output>
        </test-method> <!-- loginlogout -->
        <test-method is-config="true" signature="teardown()[pri:0, instance:POM.ActiTIME.Execution.FrameworkExecution@294425a7]" started-at="2023-07-10T17:04:50 IST" name="teardown" finished-at="2023-07-10T17:04:50 IST" duration-ms="0" status="PASS">
          <reporter-output>
          </reporter-output>
        </test-method> <!-- teardown -->
        <test-method is-config="true" signature="ExecutionComplete()[pri:0, instance:POM.ActiTIME.Execution.FrameworkExecution@294425a7]" started-at="2023-07-10T17:04:50 IST" name="ExecutionComplete" finished-at="2023-07-10T17:04:50 IST" duration-ms="1" status="PASS">
          <reporter-output>
          </reporter-output>
        </test-method> <!-- ExecutionComplete -->
      </class> <!-- POM.ActiTIME.Execution.FrameworkExecution -->
    </test> <!-- Test -->
  </suite> <!-- Suite -->
</testng-results>
